c:\dev\opengl_engine\voxel_engine\x64\debug\vc143.pdb
c:\dev\opengl_engine\voxel_engine\x64\debug\vc143.idb
c:\dev\opengl_engine\voxel_engine\x64\debug\stb.obj
c:\dev\opengl_engine\voxel_engine\x64\debug\texture.obj
c:\dev\opengl_engine\voxel_engine\x64\debug\main.obj
c:\dev\opengl_engine\voxel_engine\x64\debug\vbo.obj
c:\dev\opengl_engine\voxel_engine\x64\debug\vao.obj
c:\dev\opengl_engine\voxel_engine\x64\debug\shader.obj
c:\dev\opengl_engine\voxel_engine\x64\debug\ebo.obj
c:\dev\opengl_engine\voxel_engine\x64\debug\camera.obj
c:\dev\opengl_engine\voxel_engine\x64\debug\glad.obj
c:\dev\opengl_engine\voxel_engine\x64\debug\cube.obj
c:\dev\opengl_engine\voxel_engine\x64\debug\chunk.obj
c:\dev\opengl_engine\x64\debug\voxel_engine.exe
c:\dev\opengl_engine\x64\debug\voxel_engine.pdb
c:\dev\opengl_engine\voxel_engine\x64\debug\voxel_engine.ilk
c:\dev\opengl_engine\voxel_engine\x64\debug\triangle.obj
c:\dev\opengl_engine\voxel_engine\x64\debug\voxel_engine.tlog\cl.command.1.tlog
c:\dev\opengl_engine\voxel_engine\x64\debug\voxel_engine.tlog\cl.items.tlog
c:\dev\opengl_engine\voxel_engine\x64\debug\voxel_engine.tlog\cl.read.1.tlog
c:\dev\opengl_engine\voxel_engine\x64\debug\voxel_engine.tlog\cl.write.1.tlog
c:\dev\opengl_engine\voxel_engine\x64\debug\voxel_engine.tlog\link.command.1.tlog
c:\dev\opengl_engine\voxel_engine\x64\debug\voxel_engine.tlog\link.read.1.tlog
c:\dev\opengl_engine\voxel_engine\x64\debug\voxel_engine.tlog\link.secondary.1.tlog
c:\dev\opengl_engine\voxel_engine\x64\debug\voxel_engine.tlog\link.write.1.tlog
